
> @riven/web@0.1.0 build /home/jared/dev/worktrees/landing/apps/web
> dotenv -e ../../.env -- next build

⚠ turbopack.root should be absolute, using: /home/jared/dev/worktrees/landing
▲ Next.js 16.1.1 (Turbopack)

  Creating an optimized production build ...
✓ Compiled successfully in 4.3s
  Running TypeScript ...
  Collecting page data using 27 workers ...
  Generating static pages using 27 workers (0/7) ...
  Generating static pages using 27 workers (1/7) 
  Generating static pages using 27 workers (3/7) 
  Generating static pages using 27 workers (5/7) 
✓ Generating static pages using 27 workers (7/7) in 357.3ms
  Finalizing page optimization ...

Route (app)
┌ ○ /
├ ○ /_not-found
├ ○ /privacy
├ ○ /robots.txt
└ ○ /sitemap.xml


○  (Static)  prerendered as static content

